
ROM used:   239/8192 (3%)
            239/8192 (3%) including unused fragments

            0.3 Average locations per line
            6.3 Average locations per statement

RAM used:   41/368 (11%) at main() level
            48/368 (13%) worst case

Stack used: 0 worst case (0 in main + 0 for interrupts)
Stack size: 8

Lines Stmts  %   Files
----- ----- ---  -----
   77    38 100  Matrix_Led_Display.c
   19     0   0  Matrix_Led_Display.h
  629     0   0  ..\..\..\..\..\..\..\Program Files (x86)\PICC\Devices\16F877.h
----- -----
  725    38 Total

Page ROM  %  RAM   Vol Diff  Functions:
---- --- --- ---   --- ----  ----------
 Inline         1             @delay_ms1
0     28  12    1   240  3.5  colselect
0      9   4    0             @goto10550
0     63  26    7   377  4.8  send_char_matrix
0    135  56    0   494  2.4  MAIN
 Inline         0             @cinit1

Program metrics:
    Functions               3
    Statements              38
    Comments                163
    Volume (V)              1450
    Difficulty (D)          10.5
    Effort to implement (E) 15252
    Time to implement (T)   14 minutes
    Est Delivered Bugs (B)  0
    Cyclomatic Complexity   8
    Maintainability (MI)    52

 Segment     Used  Free
-----------  ----  ----
00000-00003     4  0  
00004-007FF   235  1809  
00800-00FFF     0  2048  
01000-017FF     0  2048  
01800-01FFF     0  2048  



