
ROM used:   175/8192 (2%)
            175/8192 (2%) including unused fragments

            0.2 Average locations per line
            4.7 Average locations per statement

RAM used:   6/368 (2%) at main() level
            8/368 (2%) worst case

Stack used: 0 worst case (0 in main + 0 for interrupts)
Stack size: 8

Lines Stmts  %   Files
----- ----- ---  -----
   90    37 100  Port_Multiplexing_8255_IC.c
   19     0   0  Port_Multiplexing_8255_IC.h
  629     0   0  ..\..\..\..\..\..\..\Program Files (x86)\PICC\Devices\16F877.h
----- -----
  738    37 Total

Page ROM  %  RAM   Vol Diff  Functions:
---- --- --- ---   --- ----  ----------
0     59  34    2   344  4.3  _8255_write
0     65  37    1   294  4.1  _8255_read
0     47  27    0   323  2.8  MAIN
 Inline         0             @cinit1

Program metrics:
    Functions               3
    Statements              37
    Comments                171
    Volume (V)              1264
    Difficulty (D)          11.1
    Effort to implement (E) 14013
    Time to implement (T)   13 minutes
    Est Delivered Bugs (B)  0
    Cyclomatic Complexity   10
    Maintainability (MI)    60

 Segment     Used  Free
-----------  ----  ----
00000-00003     4  0  
00004-007FF   171  1873  
00800-00FFF     0  2048  
01000-017FF     0  2048  
01800-01FFF     0  2048  



