
ROM used:   77/8192 (1%)
            77/8192 (1%) including unused fragments

            0.1 Average locations per line
            3.7 Average locations per statement

RAM used:   6/368 (2%) at main() level
            7/368 (2%) worst case

Stack used: 0 worst case (0 in main + 0 for interrupts)
Stack size: 8

Lines Stmts  %   Files
----- ----- ---  -----
   49    21 100  BCD_Counter_With_Button.c
   19     0   0  BCD_Counter_With_Button.h
  629     0   0  ..\..\..\..\..\..\..\Program Files (x86)\PICC\Devices\16F877.h
----- -----
  697    21 Total

Page ROM  %  RAM   Vol Diff  Functions:
---- --- --- ---   --- ----  ----------
0     22  29    1             @delay_ms1
0     51  66    0   455  4.3  main
 Inline         0             @cinit1

Program metrics:
    Functions               1
    Statements              21
    Comments                150
    Volume (V)              460
    Difficulty (D)          4.0
    Effort to implement (E) 1865
    Time to implement (T)   2 minutes
    Est Delivered Bugs (B)  0
    Cyclomatic Complexity   2
    Maintainability (MI)    96

 Segment     Used  Free
-----------  ----  ----
00000-00003     4  0  
00004-007FF    73  1971  
00800-00FFF     0  2048  
01000-017FF     0  2048  
01800-01FFF     0  2048  



